Performing C SOURCE FILE Test CMAKE_HAVE_LIBC_PTHREAD failed with the following output:
Change Dir: /home/nagy/Desktop/software_engineering_robotics_Udacity/projects/catkin_ws_chase_ball/build/CMakeFiles/CMakeScratch/TryCompile-CysVVY

Run Build Command(s):/usr/bin/make -f Makefile cmTC_56331/fast && /usr/bin/make  -f CMakeFiles/cmTC_56331.dir/build.make CMakeFiles/cmTC_56331.dir/build
make[1]: Entering directory '/home/nagy/Desktop/software_engineering_robotics_Udacity/projects/catkin_ws_chase_ball/build/CMakeFiles/CMakeScratch/TryCompile-CysVVY'
Building C object CMakeFiles/cmTC_56331.dir/src.c.o
/usr/bin/cc -DCMAKE_HAVE_LIBC_PTHREAD   -o CMakeFiles/cmTC_56331.dir/src.c.o -c /home/nagy/Desktop/software_engineering_robotics_Udacity/projects/catkin_ws_chase_ball/build/CMakeFiles/CMakeScratch/TryCompile-CysVVY/src.c
Linking C executable cmTC_56331
/home/nagy/.local/lib/python3.8/site-packages/cmake/data/bin/cmake -E cmake_link_script CMakeFiles/cmTC_56331.dir/link.txt --verbose=1
/usr/bin/cc -rdynamic CMakeFiles/cmTC_56331.dir/src.c.o -o cmTC_56331 
/usr/bin/ld: CMakeFiles/cmTC_56331.dir/src.c.o: in function `main':
src.c:(.text+0x46): undefined reference to `pthread_create'
/usr/bin/ld: src.c:(.text+0x52): undefined reference to `pthread_detach'
/usr/bin/ld: src.c:(.text+0x5e): undefined reference to `pthread_cancel'
/usr/bin/ld: src.c:(.text+0x6f): undefined reference to `pthread_join'
collect2: error: ld returned 1 exit status
make[1]: *** [CMakeFiles/cmTC_56331.dir/build.make:99: cmTC_56331] Error 1
make[1]: Leaving directory '/home/nagy/Desktop/software_engineering_robotics_Udacity/projects/catkin_ws_chase_ball/build/CMakeFiles/CMakeScratch/TryCompile-CysVVY'
make: *** [Makefile:127: cmTC_56331/fast] Error 2


Source file was:
#include <pthread.h>

static void* test_func(void* data)
{
  return data;
}

int main(void)
{
  pthread_t thread;
  pthread_create(&thread, NULL, test_func, NULL);
  pthread_detach(thread);
  pthread_cancel(thread);
  pthread_join(thread, NULL);
  pthread_atfork(NULL, NULL, NULL);
  pthread_exit(NULL);

  return 0;
}


Determining if the function pthread_create exists in the pthreads failed with the following output:
Change Dir: /home/nagy/Desktop/software_engineering_robotics_Udacity/projects/catkin_ws_chase_ball/build/CMakeFiles/CMakeScratch/TryCompile-hYlUn0

Run Build Command(s):/usr/bin/make -f Makefile cmTC_48f2c/fast && /usr/bin/make  -f CMakeFiles/cmTC_48f2c.dir/build.make CMakeFiles/cmTC_48f2c.dir/build
make[1]: Entering directory '/home/nagy/Desktop/software_engineering_robotics_Udacity/projects/catkin_ws_chase_ball/build/CMakeFiles/CMakeScratch/TryCompile-hYlUn0'
Building C object CMakeFiles/cmTC_48f2c.dir/CheckFunctionExists.c.o
/usr/bin/cc   -DCHECK_FUNCTION_EXISTS=pthread_create -o CMakeFiles/cmTC_48f2c.dir/CheckFunctionExists.c.o -c /home/nagy/Desktop/software_engineering_robotics_Udacity/projects/catkin_ws_chase_ball/build/CMakeFiles/CMakeScratch/TryCompile-hYlUn0/CheckFunctionExists.c
Linking C executable cmTC_48f2c
/home/nagy/.local/lib/python3.8/site-packages/cmake/data/bin/cmake -E cmake_link_script CMakeFiles/cmTC_48f2c.dir/link.txt --verbose=1
/usr/bin/cc  -DCHECK_FUNCTION_EXISTS=pthread_create -rdynamic CMakeFiles/cmTC_48f2c.dir/CheckFunctionExists.c.o -o cmTC_48f2c  -lpthreads 
/usr/bin/ld: cannot find -lpthreads
collect2: error: ld returned 1 exit status
make[1]: *** [CMakeFiles/cmTC_48f2c.dir/build.make:99: cmTC_48f2c] Error 1
make[1]: Leaving directory '/home/nagy/Desktop/software_engineering_robotics_Udacity/projects/catkin_ws_chase_ball/build/CMakeFiles/CMakeScratch/TryCompile-hYlUn0'
make: *** [Makefile:127: cmTC_48f2c/fast] Error 2



